Build started 09.06.2017 0:32:46.
     1>Project "C:\Users\Юзверь\Desktop\HashT(classroom)\HashT\HashT.vcxproj" on node 2 (Build target(s)).
     1>ClCompile:
         D:\Program files\VS12\VC\bin\CL.exe /c /ZI /nologo /W3 /WX- /Od /Oy- /D _MBCS /Gm /EHsc /RTC1 /MDd /GS /fp:precise /Zc:wchar_t /Zc:forScope /Fo"Debug\\" /Fd"Debug\vc110.pdb" /Gd /TP /analyze- /errorReport:prompt m.cpp
         m.cpp
     1>c:\users\юзверь\desktop\hasht(classroom)\hasht\hastable.h(82): warning C4018: '<' : signed/unsigned mismatch
                 c:\users\юзверь\desktop\hasht(classroom)\hasht\hastable.h(71) : while compiling class template member function 'Node<KEY,DATA> &Table<KEY,DATA>::operator [](KEY)'
                 with
                 [
                     KEY=std::string,
                     DATA=int
                 ]
                 c:\users\юзверь\desktop\hasht(classroom)\hasht\m.cpp(28) : see reference to function template instantiation 'Node<KEY,DATA> &Table<KEY,DATA>::operator [](KEY)' being compiled
                 with
                 [
                     KEY=std::string,
                     DATA=int
                 ]
                 c:\users\юзверь\desktop\hasht(classroom)\hasht\m.cpp(16) : see reference to class template instantiation 'Table<KEY,DATA>' being compiled
                 with
                 [
                     KEY=std::string,
                     DATA=int
                 ]
     1>c:\users\юзверь\desktop\hasht(classroom)\hasht\hastable.h(108): warning C4018: '<' : signed/unsigned mismatch
                 c:\users\юзверь\desktop\hasht(classroom)\hasht\hastable.h(89) : while compiling class template member function 'void Table<KEY,DATA>::Add(KEY,DATA)'
                 with
                 [
                     KEY=std::string,
                     DATA=int
                 ]
                 c:\users\юзверь\desktop\hasht(classroom)\hasht\m.cpp(18) : see reference to function template instantiation 'void Table<KEY,DATA>::Add(KEY,DATA)' being compiled
                 with
                 [
                     KEY=std::string,
                     DATA=int
                 ]
     1>c:\users\юзверь\desktop\hasht(classroom)\hasht\hastable.h(84): warning C4715: 'Table<std::basic_string<char,std::char_traits<char>,std::allocator<char> >,int>::operator[]' : not all control paths return a value
       Link:
         D:\Program files\VS12\VC\bin\link.exe /ERRORREPORT:PROMPT /OUT:"C:\Users\Юзверь\Desktop\HashT(classroom)\Debug\HashT.exe" /INCREMENTAL /NOLOGO kernel32.lib user32.lib gdi32.lib winspool.lib comdlg32.lib advapi32.lib shell32.lib ole32.lib oleaut32.lib uuid.lib odbc32.lib odbccp32.lib /MANIFEST /MANIFESTUAC:"level='asInvoker' uiAccess='false'" /manifest:embed /DEBUG /PDB:"C:\Users\Юзверь\Desktop\HashT(classroom)\Debug\HashT.pdb" /TLBID:1 /DYNAMICBASE /NXCOMPAT /IMPLIB:"C:\Users\Юзверь\Desktop\HashT(classroom)\Debug\HashT.lib" /MACHINE:X86 Debug\m.obj
         HashT.vcxproj -> C:\Users\Юзверь\Desktop\HashT(classroom)\Debug\HashT.exe
     1>Done Building Project "C:\Users\Юзверь\Desktop\HashT(classroom)\HashT\HashT.vcxproj" (Build target(s)).

Build succeeded.

Time Elapsed 00:00:01.20
